#! /c/Source/iverilog-install/bin/vvp
:ivl_version "12.0 (devel)" "(s20150603-1539-g2693dd32b)";
:ivl_delay_selection "TYPICAL";
:vpi_time_precision + 0;
:vpi_module "C:\iverilog\lib\ivl\system.vpi";
:vpi_module "C:\iverilog\lib\ivl\vhdl_sys.vpi";
:vpi_module "C:\iverilog\lib\ivl\vhdl_textio.vpi";
:vpi_module "C:\iverilog\lib\ivl\v2005_math.vpi";
:vpi_module "C:\iverilog\lib\ivl\va_math.vpi";
S_0000000000c02620 .scope module, "arbeiter" "arbeiter" 2 1;
 .timescale 0 0;
    .port_info 0 /INPUT 1 "req_0";
    .port_info 1 /INPUT 1 "req_1";
    .port_info 2 /OUTPUT 1 "gnt_0";
    .port_info 3 /OUTPUT 1 "gnt_1";
    .port_info 4 /INPUT 1 "reset";
    .port_info 5 /INPUT 1 "clock";
o0000000000c36f98 .functor BUFZ 1, C4<z>; HiZ drive
v0000000000c027b0_0 .net "clock", 0 0, o0000000000c36f98;  0 drivers
v0000000000c02850_0 .var "gnt_0", 0 0;
v0000000000c028f0_0 .var "gnt_1", 0 0;
o0000000000c37028 .functor BUFZ 1, C4<z>; HiZ drive
v0000000000d8ba10_0 .net "req_0", 0 0, o0000000000c37028;  0 drivers
o0000000000c37058 .functor BUFZ 1, C4<z>; HiZ drive
v0000000000d8bab0_0 .net "req_1", 0 0, o0000000000c37058;  0 drivers
o0000000000c37088 .functor BUFZ 1, C4<z>; HiZ drive
v0000000000d8bb50_0 .net "reset", 0 0, o0000000000c37088;  0 drivers
E_0000000000d8bfe0 .event posedge, v0000000000c027b0_0;
    .scope S_0000000000c02620;
T_0 ;
    %wait E_0000000000d8bfe0;
    %load/vec4 v0000000000d8bb50_0;
    %pad/u 32;
    %cmpi/e 0, 0, 32;
    %jmp/0xz  T_0.0, 4;
    %pushi/vec4 0, 0, 1;
    %assign/vec4 v0000000000c02850_0, 0;
    %pushi/vec4 0, 0, 1;
    %assign/vec4 v0000000000c028f0_0, 0;
    %jmp T_0.1;
T_0.0 ;
    %load/vec4 v0000000000d8ba10_0;
    %pad/u 32;
    %cmpi/e 1, 0, 32;
    %jmp/0xz  T_0.2, 4;
    %pushi/vec4 1, 0, 1;
    %assign/vec4 v0000000000c02850_0, 0;
    %pushi/vec4 0, 0, 1;
    %assign/vec4 v0000000000c028f0_0, 0;
    %jmp T_0.3;
T_0.2 ;
    %load/vec4 v0000000000d8bab0_0;
    %pad/u 32;
    %cmpi/e 0, 0, 32;
    %jmp/0xz  T_0.4, 4;
    %pushi/vec4 1, 0, 1;
    %assign/vec4 v0000000000c028f0_0, 0;
    %pushi/vec4 0, 0, 1;
    %assign/vec4 v0000000000c02850_0, 0;
    %jmp T_0.5;
T_0.4 ;
    %pushi/vec4 0, 0, 1;
    %assign/vec4 v0000000000c028f0_0, 0;
    %pushi/vec4 0, 0, 1;
    %assign/vec4 v0000000000c02850_0, 0;
T_0.5 ;
T_0.3 ;
T_0.1 ;
    %jmp T_0;
    .thread T_0;
# The file index is used to find the file name in the following table.
:file_names 3;
    "N/A";
    "<interactive>";
    "arbeiter.v";
